INFO: src\main\java\com\ldiamond\dli\examples\PetStoreProduct.java Best response was The `PetStoreProduct` class has a few issues that need to be addressed:

1. **Constructor Bug**: The constructor initializes the `displayName` field with the value of the `description` field instead of the intended `displayName`.
2. **Security**: There are no obvious security issues in this class, but it's good practice to ensure that all fields are properly initialized and validated if necessary.
3. **Performance**: This class is simple and does not have any performance bottlenecks.

Here is the corrected version of the class:

```java
package com.ldiamond.dli.examples;

public class PetStoreProduct {
    String name;
    String description;
    String displayName;

    public PetStoreProduct(String name, String description, String displayName) {
        this.name = name;
        this.description = description;
        this.displayName = displayName; // Corrected here
    }

    public String getName() {
        return name;
    }

    public String getDescription() {
        return description;
    }

    public String getDisplayName() {
        return displayName;
    }
}
```

### Explanation of Changes:
1. **Constructor Correction**: The `displayName` field is now correctly initialized with the value passed in the constructor.
2. **No Security Issues**: The class does not handle any user input or external data, so there are no security concerns to address.
3. **No Performance Issues**: The class is simple and straightforward, so it does not have any performance bottlenecks.

Thus, the corrected version of the class is:

```java
package com.ldiamond.dli.examples;

public class PetStoreProduct {
    String name;
    String description;
    String displayName;

    public PetStoreProduct(String name, String description, String displayName) {
        this.name = name;
        this.description = description;
        this.displayName = displayName; // Corrected here
    }

    public String getName() {
        return name;
    }

    public String getDescription() {
        return description;
    }

    public String getDisplayName() {
        return displayName;
    }
}
```
