INFO: src\main\java\com\ldiamond\dli\examples\Previousreference.java Best response was There are a few issues with the provided code:

1. **Index Out of Bounds**: The method `strings.get(offset - 1)` will throw an `IndexOutOfBoundsException` if `offset` is 0 or less, because there is no element at a negative index.
2. **Logic Error**: If `reference` is not found in the list (`offset < 0`), the method should return the last element of the list, not the element at `offset - 1`.
3. **Return Value for No Previous Reference**: The method returns `"no previous reference"` if the reference is not found, but it does not handle the case where there are no elements in the list.

Here is a revised version of the class that addresses these issues:

```java
package com.ldiamond.dli.examples;

import java.util.List;

public class Previousreference {
    public String findPreviousReference(final String reference, final List<String> strings) {
        if (strings == null || strings.isEmpty()) {
            return "no previous reference";
        }

        int offset = strings.indexOf(reference);
        if (offset < 0) {
            // If the reference is not found, return the last element
            return !strings.isEmpty() ? strings.get(strings.size() - 1) : "no previous reference";
        } else if (offset == 0) {
            // If the reference is the first element, there is no previous reference
            return "no previous reference";
        } else {
            // Otherwise, return the previous element
            return strings.get(offset - 1);
        }
    }
}
```

### Explanation of Changes:
1. **Null and Empty Check**: Added a check to ensure `strings` is not null or empty. If it is, return `"no previous reference"`.
2. **Index Out of Bounds Handling**: When the reference is not found (`offset < 0`), return the last element if the list is not empty.
3. **First Element Check**: If the reference is the first element in the list (`offset == 0`), return `"no previous reference"` because there is no previous element.

This revised version ensures that the method handles all edge cases and avoids potential exceptions.
